<?xml version="1.0" encoding="UTF-8"?>
<testsuite xmlns:xsi="http://www.w3.org/2001/XMLSchema-instance" xsi:noNamespaceSchemaLocation="https://maven.apache.org/surefire/maven-surefire-plugin/xsd/surefire-test-report.xsd" name="cn.wolfcode.rbac.RedisTest" time="3.842" tests="2" errors="0" skipped="0" failures="0">
  <properties>
    <property name="gopherProxySet" value="false"/>
    <property name="awt.toolkit" value="sun.lwawt.macosx.LWCToolkit"/>
    <property name="file.encoding.pkg" value="sun.io"/>
    <property name="java.specification.version" value="1.8"/>
    <property name="sun.cpu.isalist" value=""/>
    <property name="sun.jnu.encoding" value="UTF-8"/>
    <property name="java.class.path" value="/Users/fanjialong/Documents/备课视频/亮/day07-rbac/rbacv1/rbac-v1/target/test-classes:/Users/fanjialong/Documents/备课视频/亮/day07-rbac/rbacv1/rbac-v1/target/classes:/Users/fanjialong/Desktop/repository/org/springframework/boot/spring-boot-starter/2.3.3.RELEASE/spring-boot-starter-2.3.3.RELEASE.jar:/Users/fanjialong/Desktop/repository/org/springframework/boot/spring-boot/2.3.3.RELEASE/spring-boot-2.3.3.RELEASE.jar:/Users/fanjialong/Desktop/repository/org/springframework/spring-context/5.2.8.RELEASE/spring-context-5.2.8.RELEASE.jar:/Users/fanjialong/Desktop/repository/org/springframework/boot/spring-boot-autoconfigure/2.3.3.RELEASE/spring-boot-autoconfigure-2.3.3.RELEASE.jar:/Users/fanjialong/Desktop/repository/org/springframework/boot/spring-boot-starter-logging/2.3.3.RELEASE/spring-boot-starter-logging-2.3.3.RELEASE.jar:/Users/fanjialong/Desktop/repository/ch/qos/logback/logback-classic/1.2.3/logback-classic-1.2.3.jar:/Users/fanjialong/Desktop/repository/ch/qos/logback/logback-core/1.2.3/logback-core-1.2.3.jar:/Users/fanjialong/Desktop/repository/org/apache/logging/log4j/log4j-to-slf4j/2.13.3/log4j-to-slf4j-2.13.3.jar:/Users/fanjialong/Desktop/repository/org/apache/logging/log4j/log4j-api/2.13.3/log4j-api-2.13.3.jar:/Users/fanjialong/Desktop/repository/org/slf4j/jul-to-slf4j/1.7.30/jul-to-slf4j-1.7.30.jar:/Users/fanjialong/Desktop/repository/jakarta/annotation/jakarta.annotation-api/1.3.5/jakarta.annotation-api-1.3.5.jar:/Users/fanjialong/Desktop/repository/org/springframework/spring-core/5.2.8.RELEASE/spring-core-5.2.8.RELEASE.jar:/Users/fanjialong/Desktop/repository/org/springframework/spring-jcl/5.2.8.RELEASE/spring-jcl-5.2.8.RELEASE.jar:/Users/fanjialong/Desktop/repository/org/yaml/snakeyaml/1.26/snakeyaml-1.26.jar:/Users/fanjialong/Desktop/repository/org/springframework/boot/spring-boot-starter-web/2.3.3.RELEASE/spring-boot-starter-web-2.3.3.RELEASE.jar:/Users/fanjialong/Desktop/repository/org/springframework/boot/spring-boot-starter-json/2.3.3.RELEASE/spring-boot-starter-json-2.3.3.RELEASE.jar:/Users/fanjialong/Desktop/repository/com/fasterxml/jackson/core/jackson-databind/2.11.2/jackson-databind-2.11.2.jar:/Users/fanjialong/Desktop/repository/com/fasterxml/jackson/core/jackson-annotations/2.11.2/jackson-annotations-2.11.2.jar:/Users/fanjialong/Desktop/repository/com/fasterxml/jackson/core/jackson-core/2.11.2/jackson-core-2.11.2.jar:/Users/fanjialong/Desktop/repository/com/fasterxml/jackson/datatype/jackson-datatype-jdk8/2.11.2/jackson-datatype-jdk8-2.11.2.jar:/Users/fanjialong/Desktop/repository/com/fasterxml/jackson/datatype/jackson-datatype-jsr310/2.11.2/jackson-datatype-jsr310-2.11.2.jar:/Users/fanjialong/Desktop/repository/com/fasterxml/jackson/module/jackson-module-parameter-names/2.11.2/jackson-module-parameter-names-2.11.2.jar:/Users/fanjialong/Desktop/repository/org/springframework/boot/spring-boot-starter-tomcat/2.3.3.RELEASE/spring-boot-starter-tomcat-2.3.3.RELEASE.jar:/Users/fanjialong/Desktop/repository/org/apache/tomcat/embed/tomcat-embed-core/9.0.37/tomcat-embed-core-9.0.37.jar:/Users/fanjialong/Desktop/repository/org/glassfish/jakarta.el/3.0.3/jakarta.el-3.0.3.jar:/Users/fanjialong/Desktop/repository/org/apache/tomcat/embed/tomcat-embed-websocket/9.0.37/tomcat-embed-websocket-9.0.37.jar:/Users/fanjialong/Desktop/repository/org/springframework/spring-web/5.2.8.RELEASE/spring-web-5.2.8.RELEASE.jar:/Users/fanjialong/Desktop/repository/org/springframework/spring-beans/5.2.8.RELEASE/spring-beans-5.2.8.RELEASE.jar:/Users/fanjialong/Desktop/repository/org/springframework/spring-webmvc/5.2.8.RELEASE/spring-webmvc-5.2.8.RELEASE.jar:/Users/fanjialong/Desktop/repository/org/springframework/spring-aop/5.2.8.RELEASE/spring-aop-5.2.8.RELEASE.jar:/Users/fanjialong/Desktop/repository/org/springframework/spring-expression/5.2.8.RELEASE/spring-expression-5.2.8.RELEASE.jar:/Users/fanjialong/Desktop/repository/org/projectlombok/lombok/1.18.12/lombok-1.18.12.jar:/Users/fanjialong/Desktop/repository/org/springframework/boot/spring-boot-starter-test/2.3.3.RELEASE/spring-boot-starter-test-2.3.3.RELEASE.jar:/Users/fanjialong/Desktop/repository/org/springframework/boot/spring-boot-test/2.3.3.RELEASE/spring-boot-test-2.3.3.RELEASE.jar:/Users/fanjialong/Desktop/repository/org/springframework/boot/spring-boot-test-autoconfigure/2.3.3.RELEASE/spring-boot-test-autoconfigure-2.3.3.RELEASE.jar:/Users/fanjialong/Desktop/repository/com/jayway/jsonpath/json-path/2.4.0/json-path-2.4.0.jar:/Users/fanjialong/Desktop/repository/net/minidev/json-smart/2.3/json-smart-2.3.jar:/Users/fanjialong/Desktop/repository/net/minidev/accessors-smart/1.2/accessors-smart-1.2.jar:/Users/fanjialong/Desktop/repository/org/ow2/asm/asm/5.0.4/asm-5.0.4.jar:/Users/fanjialong/Desktop/repository/jakarta/xml/bind/jakarta.xml.bind-api/2.3.3/jakarta.xml.bind-api-2.3.3.jar:/Users/fanjialong/Desktop/repository/jakarta/activation/jakarta.activation-api/1.2.2/jakarta.activation-api-1.2.2.jar:/Users/fanjialong/Desktop/repository/org/assertj/assertj-core/3.16.1/assertj-core-3.16.1.jar:/Users/fanjialong/Desktop/repository/org/hamcrest/hamcrest/2.2/hamcrest-2.2.jar:/Users/fanjialong/Desktop/repository/org/junit/jupiter/junit-jupiter/5.6.2/junit-jupiter-5.6.2.jar:/Users/fanjialong/Desktop/repository/org/junit/jupiter/junit-jupiter-api/5.6.2/junit-jupiter-api-5.6.2.jar:/Users/fanjialong/Desktop/repository/org/opentest4j/opentest4j/1.2.0/opentest4j-1.2.0.jar:/Users/fanjialong/Desktop/repository/org/junit/platform/junit-platform-commons/1.6.2/junit-platform-commons-1.6.2.jar:/Users/fanjialong/Desktop/repository/org/junit/jupiter/junit-jupiter-params/5.6.2/junit-jupiter-params-5.6.2.jar:/Users/fanjialong/Desktop/repository/org/junit/jupiter/junit-jupiter-engine/5.6.2/junit-jupiter-engine-5.6.2.jar:/Users/fanjialong/Desktop/repository/org/junit/vintage/junit-vintage-engine/5.6.2/junit-vintage-engine-5.6.2.jar:/Users/fanjialong/Desktop/repository/org/apiguardian/apiguardian-api/1.1.0/apiguardian-api-1.1.0.jar:/Users/fanjialong/Desktop/repository/org/junit/platform/junit-platform-engine/1.6.2/junit-platform-engine-1.6.2.jar:/Users/fanjialong/Desktop/repository/junit/junit/4.13/junit-4.13.jar:/Users/fanjialong/Desktop/repository/org/mockito/mockito-core/3.3.3/mockito-core-3.3.3.jar:/Users/fanjialong/Desktop/repository/net/bytebuddy/byte-buddy/1.10.14/byte-buddy-1.10.14.jar:/Users/fanjialong/Desktop/repository/net/bytebuddy/byte-buddy-agent/1.10.14/byte-buddy-agent-1.10.14.jar:/Users/fanjialong/Desktop/repository/org/objenesis/objenesis/2.6/objenesis-2.6.jar:/Users/fanjialong/Desktop/repository/org/mockito/mockito-junit-jupiter/3.3.3/mockito-junit-jupiter-3.3.3.jar:/Users/fanjialong/Desktop/repository/org/skyscreamer/jsonassert/1.5.0/jsonassert-1.5.0.jar:/Users/fanjialong/Desktop/repository/com/vaadin/external/google/android-json/0.0.20131108.vaadin1/android-json-0.0.20131108.vaadin1.jar:/Users/fanjialong/Desktop/repository/org/springframework/spring-test/5.2.8.RELEASE/spring-test-5.2.8.RELEASE.jar:/Users/fanjialong/Desktop/repository/org/xmlunit/xmlunit-core/2.7.0/xmlunit-core-2.7.0.jar:/Users/fanjialong/Desktop/repository/com/alibaba/druid-spring-boot-starter/1.1.21/druid-spring-boot-starter-1.1.21.jar:/Users/fanjialong/Desktop/repository/com/alibaba/druid/1.1.21/druid-1.1.21.jar:/Users/fanjialong/Desktop/repository/org/slf4j/slf4j-api/1.7.30/slf4j-api-1.7.30.jar:/Users/fanjialong/Desktop/repository/org/springframework/boot/spring-boot-starter-jdbc/2.3.3.RELEASE/spring-boot-starter-jdbc-2.3.3.RELEASE.jar:/Users/fanjialong/Desktop/repository/com/zaxxer/HikariCP/3.4.5/HikariCP-3.4.5.jar:/Users/fanjialong/Desktop/repository/org/springframework/spring-jdbc/5.2.8.RELEASE/spring-jdbc-5.2.8.RELEASE.jar:/Users/fanjialong/Desktop/repository/org/springframework/spring-tx/5.2.8.RELEASE/spring-tx-5.2.8.RELEASE.jar:/Users/fanjialong/Desktop/repository/mysql/mysql-connector-java/8.0.21/mysql-connector-java-8.0.21.jar:/Users/fanjialong/Desktop/repository/org/mybatis/spring/boot/mybatis-spring-boot-starter/1.3.1/mybatis-spring-boot-starter-1.3.1.jar:/Users/fanjialong/Desktop/repository/org/mybatis/spring/boot/mybatis-spring-boot-autoconfigure/1.3.1/mybatis-spring-boot-autoconfigure-1.3.1.jar:/Users/fanjialong/Desktop/repository/org/mybatis/mybatis/3.4.5/mybatis-3.4.5.jar:/Users/fanjialong/Desktop/repository/org/mybatis/mybatis-spring/1.3.1/mybatis-spring-1.3.1.jar:/Users/fanjialong/Desktop/repository/com/github/pagehelper/pagehelper-spring-boot-starter/1.3.0/pagehelper-spring-boot-starter-1.3.0.jar:/Users/fanjialong/Desktop/repository/com/github/pagehelper/pagehelper-spring-boot-autoconfigure/1.3.0/pagehelper-spring-boot-autoconfigure-1.3.0.jar:/Users/fanjialong/Desktop/repository/com/github/pagehelper/pagehelper/5.2.0/pagehelper-5.2.0.jar:/Users/fanjialong/Desktop/repository/com/github/jsqlparser/jsqlparser/3.2/jsqlparser-3.2.jar:/Users/fanjialong/Desktop/repository/org/springframework/boot/spring-boot-starter-data-redis/2.3.3.RELEASE/spring-boot-starter-data-redis-2.3.3.RELEASE.jar:/Users/fanjialong/Desktop/repository/org/springframework/data/spring-data-redis/2.3.3.RELEASE/spring-data-redis-2.3.3.RELEASE.jar:/Users/fanjialong/Desktop/repository/org/springframework/data/spring-data-keyvalue/2.3.3.RELEASE/spring-data-keyvalue-2.3.3.RELEASE.jar:/Users/fanjialong/Desktop/repository/org/springframework/data/spring-data-commons/2.3.3.RELEASE/spring-data-commons-2.3.3.RELEASE.jar:/Users/fanjialong/Desktop/repository/org/springframework/spring-oxm/5.2.8.RELEASE/spring-oxm-5.2.8.RELEASE.jar:/Users/fanjialong/Desktop/repository/org/springframework/spring-context-support/5.2.8.RELEASE/spring-context-support-5.2.8.RELEASE.jar:/Users/fanjialong/Desktop/repository/io/lettuce/lettuce-core/5.3.3.RELEASE/lettuce-core-5.3.3.RELEASE.jar:/Users/fanjialong/Desktop/repository/io/netty/netty-common/4.1.51.Final/netty-common-4.1.51.Final.jar:/Users/fanjialong/Desktop/repository/io/netty/netty-handler/4.1.51.Final/netty-handler-4.1.51.Final.jar:/Users/fanjialong/Desktop/repository/io/netty/netty-resolver/4.1.51.Final/netty-resolver-4.1.51.Final.jar:/Users/fanjialong/Desktop/repository/io/netty/netty-buffer/4.1.51.Final/netty-buffer-4.1.51.Final.jar:/Users/fanjialong/Desktop/repository/io/netty/netty-codec/4.1.51.Final/netty-codec-4.1.51.Final.jar:/Users/fanjialong/Desktop/repository/io/netty/netty-transport/4.1.51.Final/netty-transport-4.1.51.Final.jar:/Users/fanjialong/Desktop/repository/io/projectreactor/reactor-core/3.3.9.RELEASE/reactor-core-3.3.9.RELEASE.jar:/Users/fanjialong/Desktop/repository/org/reactivestreams/reactive-streams/1.0.3/reactive-streams-1.0.3.jar:/Users/fanjialong/Desktop/repository/org/apache/commons/commons-pool2/2.8.1/commons-pool2-2.8.1.jar:"/>
    <property name="java.vm.vendor" value="Oracle Corporation"/>
    <property name="sun.arch.data.model" value="64"/>
    <property name="java.vendor.url" value="http://java.oracle.com/"/>
    <property name="user.timezone" value=""/>
    <property name="java.vm.specification.version" value="1.8"/>
    <property name="os.name" value="Mac OS X"/>
    <property name="user.country" value="CN"/>
    <property name="sun.java.launcher" value="SUN_STANDARD"/>
    <property name="sun.boot.library.path" value="/Library/Java/JavaVirtualMachines/jdk1.8.0_191.jdk/Contents/Home/jre/lib"/>
    <property name="sun.java.command" value="/Users/fanjialong/Documents/备课视频/亮/day07-rbac/rbacv1/rbac-v1/target/surefire/surefirebooter8831859964717724923.jar /Users/fanjialong/Documents/备课视频/亮/day07-rbac/rbacv1/rbac-v1/target/surefire 2022-11-05T15-25-05_320-jvmRun1 surefire8657004165754640889tmp surefire_08966679340270413993tmp"/>
    <property name="http.nonProxyHosts" value="local|*.local|169.254/16|*.169.254/16"/>
    <property name="surefire.test.class.path" value="/Users/fanjialong/Documents/备课视频/亮/day07-rbac/rbacv1/rbac-v1/target/test-classes:/Users/fanjialong/Documents/备课视频/亮/day07-rbac/rbacv1/rbac-v1/target/classes:/Users/fanjialong/Desktop/repository/org/springframework/boot/spring-boot-starter/2.3.3.RELEASE/spring-boot-starter-2.3.3.RELEASE.jar:/Users/fanjialong/Desktop/repository/org/springframework/boot/spring-boot/2.3.3.RELEASE/spring-boot-2.3.3.RELEASE.jar:/Users/fanjialong/Desktop/repository/org/springframework/spring-context/5.2.8.RELEASE/spring-context-5.2.8.RELEASE.jar:/Users/fanjialong/Desktop/repository/org/springframework/boot/spring-boot-autoconfigure/2.3.3.RELEASE/spring-boot-autoconfigure-2.3.3.RELEASE.jar:/Users/fanjialong/Desktop/repository/org/springframework/boot/spring-boot-starter-logging/2.3.3.RELEASE/spring-boot-starter-logging-2.3.3.RELEASE.jar:/Users/fanjialong/Desktop/repository/ch/qos/logback/logback-classic/1.2.3/logback-classic-1.2.3.jar:/Users/fanjialong/Desktop/repository/ch/qos/logback/logback-core/1.2.3/logback-core-1.2.3.jar:/Users/fanjialong/Desktop/repository/org/apache/logging/log4j/log4j-to-slf4j/2.13.3/log4j-to-slf4j-2.13.3.jar:/Users/fanjialong/Desktop/repository/org/apache/logging/log4j/log4j-api/2.13.3/log4j-api-2.13.3.jar:/Users/fanjialong/Desktop/repository/org/slf4j/jul-to-slf4j/1.7.30/jul-to-slf4j-1.7.30.jar:/Users/fanjialong/Desktop/repository/jakarta/annotation/jakarta.annotation-api/1.3.5/jakarta.annotation-api-1.3.5.jar:/Users/fanjialong/Desktop/repository/org/springframework/spring-core/5.2.8.RELEASE/spring-core-5.2.8.RELEASE.jar:/Users/fanjialong/Desktop/repository/org/springframework/spring-jcl/5.2.8.RELEASE/spring-jcl-5.2.8.RELEASE.jar:/Users/fanjialong/Desktop/repository/org/yaml/snakeyaml/1.26/snakeyaml-1.26.jar:/Users/fanjialong/Desktop/repository/org/springframework/boot/spring-boot-starter-web/2.3.3.RELEASE/spring-boot-starter-web-2.3.3.RELEASE.jar:/Users/fanjialong/Desktop/repository/org/springframework/boot/spring-boot-starter-json/2.3.3.RELEASE/spring-boot-starter-json-2.3.3.RELEASE.jar:/Users/fanjialong/Desktop/repository/com/fasterxml/jackson/core/jackson-databind/2.11.2/jackson-databind-2.11.2.jar:/Users/fanjialong/Desktop/repository/com/fasterxml/jackson/core/jackson-annotations/2.11.2/jackson-annotations-2.11.2.jar:/Users/fanjialong/Desktop/repository/com/fasterxml/jackson/core/jackson-core/2.11.2/jackson-core-2.11.2.jar:/Users/fanjialong/Desktop/repository/com/fasterxml/jackson/datatype/jackson-datatype-jdk8/2.11.2/jackson-datatype-jdk8-2.11.2.jar:/Users/fanjialong/Desktop/repository/com/fasterxml/jackson/datatype/jackson-datatype-jsr310/2.11.2/jackson-datatype-jsr310-2.11.2.jar:/Users/fanjialong/Desktop/repository/com/fasterxml/jackson/module/jackson-module-parameter-names/2.11.2/jackson-module-parameter-names-2.11.2.jar:/Users/fanjialong/Desktop/repository/org/springframework/boot/spring-boot-starter-tomcat/2.3.3.RELEASE/spring-boot-starter-tomcat-2.3.3.RELEASE.jar:/Users/fanjialong/Desktop/repository/org/apache/tomcat/embed/tomcat-embed-core/9.0.37/tomcat-embed-core-9.0.37.jar:/Users/fanjialong/Desktop/repository/org/glassfish/jakarta.el/3.0.3/jakarta.el-3.0.3.jar:/Users/fanjialong/Desktop/repository/org/apache/tomcat/embed/tomcat-embed-websocket/9.0.37/tomcat-embed-websocket-9.0.37.jar:/Users/fanjialong/Desktop/repository/org/springframework/spring-web/5.2.8.RELEASE/spring-web-5.2.8.RELEASE.jar:/Users/fanjialong/Desktop/repository/org/springframework/spring-beans/5.2.8.RELEASE/spring-beans-5.2.8.RELEASE.jar:/Users/fanjialong/Desktop/repository/org/springframework/spring-webmvc/5.2.8.RELEASE/spring-webmvc-5.2.8.RELEASE.jar:/Users/fanjialong/Desktop/repository/org/springframework/spring-aop/5.2.8.RELEASE/spring-aop-5.2.8.RELEASE.jar:/Users/fanjialong/Desktop/repository/org/springframework/spring-expression/5.2.8.RELEASE/spring-expression-5.2.8.RELEASE.jar:/Users/fanjialong/Desktop/repository/org/projectlombok/lombok/1.18.12/lombok-1.18.12.jar:/Users/fanjialong/Desktop/repository/org/springframework/boot/spring-boot-starter-test/2.3.3.RELEASE/spring-boot-starter-test-2.3.3.RELEASE.jar:/Users/fanjialong/Desktop/repository/org/springframework/boot/spring-boot-test/2.3.3.RELEASE/spring-boot-test-2.3.3.RELEASE.jar:/Users/fanjialong/Desktop/repository/org/springframework/boot/spring-boot-test-autoconfigure/2.3.3.RELEASE/spring-boot-test-autoconfigure-2.3.3.RELEASE.jar:/Users/fanjialong/Desktop/repository/com/jayway/jsonpath/json-path/2.4.0/json-path-2.4.0.jar:/Users/fanjialong/Desktop/repository/net/minidev/json-smart/2.3/json-smart-2.3.jar:/Users/fanjialong/Desktop/repository/net/minidev/accessors-smart/1.2/accessors-smart-1.2.jar:/Users/fanjialong/Desktop/repository/org/ow2/asm/asm/5.0.4/asm-5.0.4.jar:/Users/fanjialong/Desktop/repository/jakarta/xml/bind/jakarta.xml.bind-api/2.3.3/jakarta.xml.bind-api-2.3.3.jar:/Users/fanjialong/Desktop/repository/jakarta/activation/jakarta.activation-api/1.2.2/jakarta.activation-api-1.2.2.jar:/Users/fanjialong/Desktop/repository/org/assertj/assertj-core/3.16.1/assertj-core-3.16.1.jar:/Users/fanjialong/Desktop/repository/org/hamcrest/hamcrest/2.2/hamcrest-2.2.jar:/Users/fanjialong/Desktop/repository/org/junit/jupiter/junit-jupiter/5.6.2/junit-jupiter-5.6.2.jar:/Users/fanjialong/Desktop/repository/org/junit/jupiter/junit-jupiter-api/5.6.2/junit-jupiter-api-5.6.2.jar:/Users/fanjialong/Desktop/repository/org/opentest4j/opentest4j/1.2.0/opentest4j-1.2.0.jar:/Users/fanjialong/Desktop/repository/org/junit/platform/junit-platform-commons/1.6.2/junit-platform-commons-1.6.2.jar:/Users/fanjialong/Desktop/repository/org/junit/jupiter/junit-jupiter-params/5.6.2/junit-jupiter-params-5.6.2.jar:/Users/fanjialong/Desktop/repository/org/junit/jupiter/junit-jupiter-engine/5.6.2/junit-jupiter-engine-5.6.2.jar:/Users/fanjialong/Desktop/repository/org/junit/vintage/junit-vintage-engine/5.6.2/junit-vintage-engine-5.6.2.jar:/Users/fanjialong/Desktop/repository/org/apiguardian/apiguardian-api/1.1.0/apiguardian-api-1.1.0.jar:/Users/fanjialong/Desktop/repository/org/junit/platform/junit-platform-engine/1.6.2/junit-platform-engine-1.6.2.jar:/Users/fanjialong/Desktop/repository/junit/junit/4.13/junit-4.13.jar:/Users/fanjialong/Desktop/repository/org/mockito/mockito-core/3.3.3/mockito-core-3.3.3.jar:/Users/fanjialong/Desktop/repository/net/bytebuddy/byte-buddy/1.10.14/byte-buddy-1.10.14.jar:/Users/fanjialong/Desktop/repository/net/bytebuddy/byte-buddy-agent/1.10.14/byte-buddy-agent-1.10.14.jar:/Users/fanjialong/Desktop/repository/org/objenesis/objenesis/2.6/objenesis-2.6.jar:/Users/fanjialong/Desktop/repository/org/mockito/mockito-junit-jupiter/3.3.3/mockito-junit-jupiter-3.3.3.jar:/Users/fanjialong/Desktop/repository/org/skyscreamer/jsonassert/1.5.0/jsonassert-1.5.0.jar:/Users/fanjialong/Desktop/repository/com/vaadin/external/google/android-json/0.0.20131108.vaadin1/android-json-0.0.20131108.vaadin1.jar:/Users/fanjialong/Desktop/repository/org/springframework/spring-test/5.2.8.RELEASE/spring-test-5.2.8.RELEASE.jar:/Users/fanjialong/Desktop/repository/org/xmlunit/xmlunit-core/2.7.0/xmlunit-core-2.7.0.jar:/Users/fanjialong/Desktop/repository/com/alibaba/druid-spring-boot-starter/1.1.21/druid-spring-boot-starter-1.1.21.jar:/Users/fanjialong/Desktop/repository/com/alibaba/druid/1.1.21/druid-1.1.21.jar:/Users/fanjialong/Desktop/repository/org/slf4j/slf4j-api/1.7.30/slf4j-api-1.7.30.jar:/Users/fanjialong/Desktop/repository/org/springframework/boot/spring-boot-starter-jdbc/2.3.3.RELEASE/spring-boot-starter-jdbc-2.3.3.RELEASE.jar:/Users/fanjialong/Desktop/repository/com/zaxxer/HikariCP/3.4.5/HikariCP-3.4.5.jar:/Users/fanjialong/Desktop/repository/org/springframework/spring-jdbc/5.2.8.RELEASE/spring-jdbc-5.2.8.RELEASE.jar:/Users/fanjialong/Desktop/repository/org/springframework/spring-tx/5.2.8.RELEASE/spring-tx-5.2.8.RELEASE.jar:/Users/fanjialong/Desktop/repository/mysql/mysql-connector-java/8.0.21/mysql-connector-java-8.0.21.jar:/Users/fanjialong/Desktop/repository/org/mybatis/spring/boot/mybatis-spring-boot-starter/1.3.1/mybatis-spring-boot-starter-1.3.1.jar:/Users/fanjialong/Desktop/repository/org/mybatis/spring/boot/mybatis-spring-boot-autoconfigure/1.3.1/mybatis-spring-boot-autoconfigure-1.3.1.jar:/Users/fanjialong/Desktop/repository/org/mybatis/mybatis/3.4.5/mybatis-3.4.5.jar:/Users/fanjialong/Desktop/repository/org/mybatis/mybatis-spring/1.3.1/mybatis-spring-1.3.1.jar:/Users/fanjialong/Desktop/repository/com/github/pagehelper/pagehelper-spring-boot-starter/1.3.0/pagehelper-spring-boot-starter-1.3.0.jar:/Users/fanjialong/Desktop/repository/com/github/pagehelper/pagehelper-spring-boot-autoconfigure/1.3.0/pagehelper-spring-boot-autoconfigure-1.3.0.jar:/Users/fanjialong/Desktop/repository/com/github/pagehelper/pagehelper/5.2.0/pagehelper-5.2.0.jar:/Users/fanjialong/Desktop/repository/com/github/jsqlparser/jsqlparser/3.2/jsqlparser-3.2.jar:/Users/fanjialong/Desktop/repository/org/springframework/boot/spring-boot-starter-data-redis/2.3.3.RELEASE/spring-boot-starter-data-redis-2.3.3.RELEASE.jar:/Users/fanjialong/Desktop/repository/org/springframework/data/spring-data-redis/2.3.3.RELEASE/spring-data-redis-2.3.3.RELEASE.jar:/Users/fanjialong/Desktop/repository/org/springframework/data/spring-data-keyvalue/2.3.3.RELEASE/spring-data-keyvalue-2.3.3.RELEASE.jar:/Users/fanjialong/Desktop/repository/org/springframework/data/spring-data-commons/2.3.3.RELEASE/spring-data-commons-2.3.3.RELEASE.jar:/Users/fanjialong/Desktop/repository/org/springframework/spring-oxm/5.2.8.RELEASE/spring-oxm-5.2.8.RELEASE.jar:/Users/fanjialong/Desktop/repository/org/springframework/spring-context-support/5.2.8.RELEASE/spring-context-support-5.2.8.RELEASE.jar:/Users/fanjialong/Desktop/repository/io/lettuce/lettuce-core/5.3.3.RELEASE/lettuce-core-5.3.3.RELEASE.jar:/Users/fanjialong/Desktop/repository/io/netty/netty-common/4.1.51.Final/netty-common-4.1.51.Final.jar:/Users/fanjialong/Desktop/repository/io/netty/netty-handler/4.1.51.Final/netty-handler-4.1.51.Final.jar:/Users/fanjialong/Desktop/repository/io/netty/netty-resolver/4.1.51.Final/netty-resolver-4.1.51.Final.jar:/Users/fanjialong/Desktop/repository/io/netty/netty-buffer/4.1.51.Final/netty-buffer-4.1.51.Final.jar:/Users/fanjialong/Desktop/repository/io/netty/netty-codec/4.1.51.Final/netty-codec-4.1.51.Final.jar:/Users/fanjialong/Desktop/repository/io/netty/netty-transport/4.1.51.Final/netty-transport-4.1.51.Final.jar:/Users/fanjialong/Desktop/repository/io/projectreactor/reactor-core/3.3.9.RELEASE/reactor-core-3.3.9.RELEASE.jar:/Users/fanjialong/Desktop/repository/org/reactivestreams/reactive-streams/1.0.3/reactive-streams-1.0.3.jar:/Users/fanjialong/Desktop/repository/org/apache/commons/commons-pool2/2.8.1/commons-pool2-2.8.1.jar:"/>
    <property name="sun.cpu.endian" value="little"/>
    <property name="user.home" value="/Users/fanjialong"/>
    <property name="user.language" value="zh"/>
    <property name="java.specification.vendor" value="Oracle Corporation"/>
    <property name="java.home" value="/Library/Java/JavaVirtualMachines/jdk1.8.0_191.jdk/Contents/Home/jre"/>
    <property name="basedir" value="/Users/fanjialong/Documents/备课视频/亮/day07-rbac/rbacv1/rbac-v1"/>
    <property name="file.separator" value="/"/>
    <property name="line.separator" value="&#10;"/>
    <property name="java.vm.specification.vendor" value="Oracle Corporation"/>
    <property name="java.specification.name" value="Java Platform API Specification"/>
    <property name="java.awt.graphicsenv" value="sun.awt.CGraphicsEnvironment"/>
    <property name="surefire.real.class.path" value="/Users/fanjialong/Documents/备课视频/亮/day07-rbac/rbacv1/rbac-v1/target/surefire/surefirebooter8831859964717724923.jar"/>
    <property name="sun.boot.class.path" value="/Library/Java/JavaVirtualMachines/jdk1.8.0_191.jdk/Contents/Home/jre/lib/resources.jar:/Library/Java/JavaVirtualMachines/jdk1.8.0_191.jdk/Contents/Home/jre/lib/rt.jar:/Library/Java/JavaVirtualMachines/jdk1.8.0_191.jdk/Contents/Home/jre/lib/sunrsasign.jar:/Library/Java/JavaVirtualMachines/jdk1.8.0_191.jdk/Contents/Home/jre/lib/jsse.jar:/Library/Java/JavaVirtualMachines/jdk1.8.0_191.jdk/Contents/Home/jre/lib/jce.jar:/Library/Java/JavaVirtualMachines/jdk1.8.0_191.jdk/Contents/Home/jre/lib/charsets.jar:/Library/Java/JavaVirtualMachines/jdk1.8.0_191.jdk/Contents/Home/jre/lib/jfr.jar:/Library/Java/JavaVirtualMachines/jdk1.8.0_191.jdk/Contents/Home/jre/classes"/>
    <property name="sun.management.compiler" value="HotSpot 64-Bit Tiered Compilers"/>
    <property name="ftp.nonProxyHosts" value="local|*.local|169.254/16|*.169.254/16"/>
    <property name="java.runtime.version" value="1.8.0_191-b12"/>
    <property name="user.name" value="fanjialong"/>
    <property name="path.separator" value=":"/>
    <property name="os.version" value="10.14"/>
    <property name="java.endorsed.dirs" value="/Library/Java/JavaVirtualMachines/jdk1.8.0_191.jdk/Contents/Home/jre/lib/endorsed"/>
    <property name="java.runtime.name" value="Java(TM) SE Runtime Environment"/>
    <property name="file.encoding" value="UTF-8"/>
    <property name="java.vm.name" value="Java HotSpot(TM) 64-Bit Server VM"/>
    <property name="localRepository" value="/Users/fanjialong/Desktop/repository"/>
    <property name="java.vendor.url.bug" value="http://bugreport.sun.com/bugreport/"/>
    <property name="java.io.tmpdir" value="/var/folders/xx/dq4zsj7n53q0kndlvgc8y1040000gn/T/"/>
    <property name="idea.version" value="2018.3.2"/>
    <property name="java.version" value="1.8.0_191"/>
    <property name="user.dir" value="/Users/fanjialong/Documents/备课视频/亮/day07-rbac/rbacv1/rbac-v1"/>
    <property name="os.arch" value="x86_64"/>
    <property name="java.vm.specification.name" value="Java Virtual Machine Specification"/>
    <property name="java.awt.printerjob" value="sun.lwawt.macosx.CPrinterJob"/>
    <property name="sun.os.patch.level" value="unknown"/>
    <property name="java.library.path" value="/Users/fanjialong/Library/Java/Extensions:/Library/Java/Extensions:/Network/Library/Java/Extensions:/System/Library/Java/Extensions:/usr/lib/java:."/>
    <property name="java.vm.info" value="mixed mode"/>
    <property name="java.vendor" value="Oracle Corporation"/>
    <property name="java.vm.version" value="25.191-b12"/>
    <property name="java.ext.dirs" value="/Users/fanjialong/Library/Java/Extensions:/Library/Java/JavaVirtualMachines/jdk1.8.0_191.jdk/Contents/Home/jre/lib/ext:/Library/Java/Extensions:/Network/Library/Java/Extensions:/System/Library/Java/Extensions:/usr/lib/java"/>
    <property name="sun.io.unicode.encoding" value="UnicodeBig"/>
    <property name="java.class.version" value="52.0"/>
    <property name="socksNonProxyHosts" value="local|*.local|169.254/16|*.169.254/16"/>
  </properties>
  <testcase name="test1" classname="cn.wolfcode.rbac.RedisTest" time="0.524"/>
  <testcase name="test2" classname="cn.wolfcode.rbac.RedisTest" time="0.005"/>
</testsuite>